2024/04/25 11:11:13 [warn] 53#53: *4 [lua] plugin.lua:205: load(): new plugins: {"http-logger":true,"basic-auth":true,"ldap-auth":true,"traffic-split":true,"key-auth":true,"proxy-control":true,"jwt-auth":true,"chaitin-waf":true,"openid-connect":true,"cors":true,"request-validation":true,"openwhisk":true,"opa":true,"grpc-web":true,"ext-plugin-pre-req":true,"inspect":true,"real-ip":true,"limit-conn":true,"limit-req":true,"redirect":true,"kafka-proxy":true,"public-api":true,"referer-restriction":true,"google-cloud-logging":true,"workflow":true,"clickhouse-logger":true,"udp-logger":true,"authz-keycloak":true,"loggly":true,"consumer-restriction":true,"cas-auth":true,"hmac-auth":true,"elasticsearch-logger":true,"wolf-rbac":true,"rocketmq-logger":true,"authz-casdoor":true,"proxy-rewrite":true,"multi-auth":true,"splunk-hec-logging":true,"uri-blocker":true,"datadog":true,"response-rewrite":true,"ai":true,"fault-injection":true,"pajo":true,"sls-logger":true,"gzip":true,"ext-plugin-post-req":true,"body-transformer":true,"mocking":true,"ext-plugin-post-resp":true,"serverless-post-function":true,"openfunction":true,"example-plugin":true,"csrf":true,"aws-lambda":true,"tencent-cloud-cls":true,"file-logger":true,"prometheus":true,"azure-functions":true,"kafka-logger":true,"skywalking-logger":true,"proxy-mirror":true,"authz-casbin":true,"forward-auth":true,"http-dubbo":true,"request-id":true,"ip-restriction":true,"loki-logger":true,"syslog":true,"zipkin":true,"serverless-pre-function":true,"proxy-cache":true,"tcp-logger":true,"api-breaker":true,"limit-count":true,"client-control":true,"echo":true,"grpc-transcode":true,"ua-restriction":true,"server-info":true,"jwe-decrypt":true,"degraphql":true}, context: init_worker_by_lua*
2024/04/25 11:11:13 [warn] 51#51: *1 [lua] plugin.lua:205: load(): new plugins: {"http-logger":true,"basic-auth":true,"ldap-auth":true,"traffic-split":true,"key-auth":true,"proxy-control":true,"jwt-auth":true,"chaitin-waf":true,"openid-connect":true,"cors":true,"request-validation":true,"openwhisk":true,"opa":true,"grpc-web":true,"ext-plugin-pre-req":true,"inspect":true,"real-ip":true,"limit-conn":true,"limit-req":true,"redirect":true,"kafka-proxy":true,"public-api":true,"referer-restriction":true,"google-cloud-logging":true,"workflow":true,"clickhouse-logger":true,"udp-logger":true,"authz-keycloak":true,"loggly":true,"consumer-restriction":true,"cas-auth":true,"hmac-auth":true,"elasticsearch-logger":true,"wolf-rbac":true,"rocketmq-logger":true,"authz-casdoor":true,"proxy-rewrite":true,"multi-auth":true,"splunk-hec-logging":true,"uri-blocker":true,"datadog":true,"response-rewrite":true,"ai":true,"fault-injection":true,"pajo":true,"sls-logger":true,"gzip":true,"ext-plugin-post-req":true,"body-transformer":true,"mocking":true,"ext-plugin-post-resp":true,"serverless-post-function":true,"openfunction":true,"example-plugin":true,"csrf":true,"aws-lambda":true,"tencent-cloud-cls":true,"file-logger":true,"prometheus":true,"azure-functions":true,"kafka-logger":true,"skywalking-logger":true,"proxy-mirror":true,"authz-casbin":true,"forward-auth":true,"http-dubbo":true,"request-id":true,"ip-restriction":true,"loki-logger":true,"syslog":true,"zipkin":true,"serverless-pre-function":true,"proxy-cache":true,"tcp-logger":true,"api-breaker":true,"limit-count":true,"client-control":true,"echo":true,"grpc-transcode":true,"ua-restriction":true,"server-info":true,"jwe-decrypt":true,"degraphql":true}, context: init_worker_by_lua*
2024/04/25 11:11:13 [warn] 50#50: *2 [lua] plugin.lua:205: load(): new plugins: {"http-logger":true,"basic-auth":true,"ldap-auth":true,"traffic-split":true,"key-auth":true,"proxy-control":true,"jwt-auth":true,"chaitin-waf":true,"openid-connect":true,"cors":true,"request-validation":true,"openwhisk":true,"opa":true,"grpc-web":true,"ext-plugin-pre-req":true,"inspect":true,"real-ip":true,"limit-conn":true,"limit-req":true,"redirect":true,"kafka-proxy":true,"public-api":true,"referer-restriction":true,"google-cloud-logging":true,"workflow":true,"clickhouse-logger":true,"udp-logger":true,"authz-keycloak":true,"loggly":true,"consumer-restriction":true,"cas-auth":true,"hmac-auth":true,"elasticsearch-logger":true,"wolf-rbac":true,"rocketmq-logger":true,"authz-casdoor":true,"proxy-rewrite":true,"multi-auth":true,"splunk-hec-logging":true,"uri-blocker":true,"datadog":true,"response-rewrite":true,"ai":true,"fault-injection":true,"pajo":true,"sls-logger":true,"gzip":true,"ext-plugin-post-req":true,"body-transformer":true,"mocking":true,"ext-plugin-post-resp":true,"serverless-post-function":true,"openfunction":true,"example-plugin":true,"csrf":true,"aws-lambda":true,"tencent-cloud-cls":true,"file-logger":true,"prometheus":true,"azure-functions":true,"kafka-logger":true,"skywalking-logger":true,"proxy-mirror":true,"authz-casbin":true,"forward-auth":true,"http-dubbo":true,"request-id":true,"ip-restriction":true,"loki-logger":true,"syslog":true,"zipkin":true,"serverless-pre-function":true,"proxy-cache":true,"tcp-logger":true,"api-breaker":true,"limit-count":true,"client-control":true,"echo":true,"grpc-transcode":true,"ua-restriction":true,"server-info":true,"jwe-decrypt":true,"degraphql":true}, context: init_worker_by_lua*
2024/04/25 11:11:13 [error] 53#53: *4 [lua] plugin.lua:138: load_plugin(): failed to load plugin [pajo] err: module 'apisix.plugins.pajo' not found:
	no field package.preload['apisix.plugins.pajo']
	no file '/usr/local/apisix//deps/share/lua/5.1/apisix/plugins/pajo.lua'
	no file '/usr/local/apisix//deps/share/lua/5.1/apisix/plugins/pajo/init.lua'
	no file '/usr/local/apisix/apisix/plugins/pajo.lua'
	no file '/usr/local/apisix/apisix/plugins/pajo/init.lua'
	no file '/usr/local/openresty/site/lualib/apisix/plugins/pajo.ljbc'
	no file '/usr/local/openresty/site/lualib/apisix/plugins/pajo/init.ljbc'
	no file '/usr/local/openresty/lualib/apisix/plugins/pajo.ljbc'
	no file '/usr/local/openresty/lualib/apisix/plugins/pajo/init.ljbc'
	no file '/usr/local/openresty/site/lualib/apisix/plugins/pajo.lua'
	no file '/usr/local/openresty/site/lualib/apisix/plugins/pajo/init.lua'
	no file '/usr/local/openresty/lualib/apisix/plugins/pajo.lua'
	no file '/usr/local/openresty/lualib/apisix/plugins/pajo/init.lua'
	no file './apisix/plugins/pajo.lua'
	no file '/usr/local/openresty/luajit/share/luajit-2.1/apisix/plugins/pajo.lua'
	no file '/usr/local/share/lua/5.1/apisix/plugins/pajo.lua'
	no file '/usr/local/share/lua/5.1/apisix/plugins/pajo/init.lua'
	no file '/usr/local/openresty/luajit/share/lua/5.1/apisix/plugins/pajo.lua'
	no file '/usr/local/openresty/luajit/share/lua/5.1/apisix/plugins/pajo/init.lua'
	no file '/usr/local/apisix/apisix/plugins/pajo.lua'
	no file './apisix/plugins/pajo.lua'
	no file '/usr/local/openresty/luajit/share/luajit-2.1/apisix/plugins/pajo.lua'
	no file '/usr/local/share/lua/5.1/apisix/plugins/pajo.lua'
	no file '/usr/local/share/lua/5.1/apisix/plugins/pajo/init.lua'
	no file '/usr/local/openresty/luajit/share/lua/5.1/apisix/plugins/pajo.lua'
	no file '/usr/local/openresty/luajit/share/lua/5.1/apisix/plugins/pajo/init.lua'
	no file '/usr/local/openresty/site/lualib/apisix/plugins/pajo.ljbc'
	no file '/usr/local/openresty/site/lualib/apisix/plugins/pajo/init.ljbc'
	no file '/usr/local/openresty/lualib/apisix/plugins/pajo.ljbc'
	no file '/usr/local/openresty/lualib/apisix/plugins/pajo/init.ljbc'
	no file '/usr/local/openresty/site/lualib/apisix/plugins/pajo.lua'
	no file '/usr/local/openresty/site/lualib/apisix/plugins/pajo/init.lua'
	no file '/usr/local/openresty/lualib/apisix/plugins/pajo.lua'
	no file '/usr/local/openresty/lualib/apisix/plugins/pajo/init.lua'
	no file './apisix/plugins/pajo.lua'
	no file '/usr/local/openresty/luajit/share/luajit-2.1/apisix/plugins/pajo.lua'
	no file '/usr/local/share/lua/5.1/apisix/plugins/pajo.lua'
	no file '/usr/local/share/lua/5.1/apisix/plugins/pajo/init.lua'
	no file '/usr/local/openresty/luajit/share/lua/5.1/apisix/plugins/pajo.lua'
	no file '/usr/local/openresty/luajit/share/lua/5.1/apisix/plugins/pajo/init.lua'
	no file '/usr/local/apisix//deps/lib64/lua/5.1/apisix/plugins/pajo.so'
	no file '/usr/local/apisix//deps/lib/lua/5.1/apisix/plugins/pajo.so'
	no file '/usr/local/openresty/site/lualib/apisix/plugins/pajo.so'
	no file '/usr/local/openresty/lualib/apisix/plugins/pajo.so'
	no file './apisix/plugins/pajo.so'
	no file '/usr/local/lib/lua/5.1/apisix/plugins/pajo.so'
	no file '/usr/local/openresty/luajit/lib/lua/5.1/apisix/plugins/pajo.so'
	no file '/usr/local/lib/lua/5.1/loadall.so'
	no file './apisix/plugins/pajo.so'
	no file '/usr/local/lib/lua/5.1/apisix/plugins/pajo.so'
	no file '/usr/local/openresty/luajit/lib/lua/5.1/apisix/plugins/pajo.so'
	no file '/usr/local/lib/lua/5.1/loadall.so'
	no file '/usr/local/apisix//deps/lib64/lua/5.1/apisix.so'
	no file '/usr/local/apisix//deps/lib/lua/5.1/apisix.so'
	no file '/usr/local/openresty/site/lualib/apisix.so'
	no file '/usr/local/openresty/lualib/apisix.so'
	no file './apisix.so'
	no file '/usr/local/lib/lua/5.1/apisix.so'
	no file '/usr/local/openresty/luajit/lib/lua/5.1/apisix.so'
	no file '/usr/local/lib/lua/5.1/loadall.so'
	no file './apisix.so'
	no file '/usr/local/lib/lua/5.1/apisix.so'
	no file '/usr/local/openresty/luajit/lib/lua/5.1/apisix.so'
	no file '/usr/local/lib/lua/5.1/loadall.so', context: init_worker_b
2024/04/25 11:11:13 [error] 51#51: *1 [lua] plugin.lua:138: load_plugin(): failed to load plugin [pajo] err: module 'apisix.plugins.pajo' not found:
	no field package.preload['apisix.plugins.pajo']
	no file '/usr/local/apisix//deps/share/lua/5.1/apisix/plugins/pajo.lua'
	no file '/usr/local/apisix//deps/share/lua/5.1/apisix/plugins/pajo/init.lua'
	no file '/usr/local/apisix/apisix/plugins/pajo.lua'
	no file '/usr/local/apisix/apisix/plugins/pajo/init.lua'
	no file '/usr/local/openresty/site/lualib/apisix/plugins/pajo.ljbc'
	no file '/usr/local/openresty/site/lualib/apisix/plugins/pajo/init.ljbc'
	no file '/usr/local/openresty/lualib/apisix/plugins/pajo.ljbc'
	no file '/usr/local/openresty/lualib/apisix/plugins/pajo/init.ljbc'
	no file '/usr/local/openresty/site/lualib/apisix/plugins/pajo.lua'
	no file '/usr/local/openresty/site/lualib/apisix/plugins/pajo/init.lua'
	no file '/usr/local/openresty/lualib/apisix/plugins/pajo.lua'
	no file '/usr/local/openresty/lualib/apisix/plugins/pajo/init.lua'
	no file './apisix/plugins/pajo.lua'
	no file '/usr/local/openresty/luajit/share/luajit-2.1/apisix/plugins/pajo.lua'
	no file '/usr/local/share/lua/5.1/apisix/plugins/pajo.lua'
	no file '/usr/local/share/lua/5.1/apisix/plugins/pajo/init.lua'
	no file '/usr/local/openresty/luajit/share/lua/5.1/apisix/plugins/pajo.lua'
	no file '/usr/local/openresty/luajit/share/lua/5.1/apisix/plugins/pajo/init.lua'
	no file '/usr/local/apisix/apisix/plugins/pajo.lua'
	no file './apisix/plugins/pajo.lua'
	no file '/usr/local/openresty/luajit/share/luajit-2.1/apisix/plugins/pajo.lua'
	no file '/usr/local/share/lua/5.1/apisix/plugins/pajo.lua'
	no file '/usr/local/share/lua/5.1/apisix/plugins/pajo/init.lua'
	no file '/usr/local/openresty/luajit/share/lua/5.1/apisix/plugins/pajo.lua'
	no file '/usr/local/openresty/luajit/share/lua/5.1/apisix/plugins/pajo/init.lua'
	no file '/usr/local/openresty/site/lualib/apisix/plugins/pajo.ljbc'
	no file '/usr/local/openresty/site/lualib/apisix/plugins/pajo/init.ljbc'
	no file '/usr/local/openresty/lualib/apisix/plugins/pajo.ljbc'
	no file '/usr/local/openresty/lualib/apisix/plugins/pajo/init.ljbc'
	no file '/usr/local/openresty/site/lualib/apisix/plugins/pajo.lua'
	no file '/usr/local/openresty/site/lualib/apisix/plugins/pajo/init.lua'
	no file '/usr/local/openresty/lualib/apisix/plugins/pajo.lua'
	no file '/usr/local/openresty/lualib/apisix/plugins/pajo/init.lua'
	no file './apisix/plugins/pajo.lua'
	no file '/usr/local/openresty/luajit/share/luajit-2.1/apisix/plugins/pajo.lua'
	no file '/usr/local/share/lua/5.1/apisix/plugins/pajo.lua'
	no file '/usr/local/share/lua/5.1/apisix/plugins/pajo/init.lua'
	no file '/usr/local/openresty/luajit/share/lua/5.1/apisix/plugins/pajo.lua'
	no file '/usr/local/openresty/luajit/share/lua/5.1/apisix/plugins/pajo/init.lua'
	no file '/usr/local/apisix//deps/lib64/lua/5.1/apisix/plugins/pajo.so'
	no file '/usr/local/apisix//deps/lib/lua/5.1/apisix/plugins/pajo.so'
	no file '/usr/local/openresty/site/lualib/apisix/plugins/pajo.so'
	no file '/usr/local/openresty/lualib/apisix/plugins/pajo.so'
	no file './apisix/plugins/pajo.so'
	no file '/usr/local/lib/lua/5.1/apisix/plugins/pajo.so'
	no file '/usr/local/openresty/luajit/lib/lua/5.1/apisix/plugins/pajo.so'
	no file '/usr/local/lib/lua/5.1/loadall.so'
	no file './apisix/plugins/pajo.so'
	no file '/usr/local/lib/lua/5.1/apisix/plugins/pajo.so'
	no file '/usr/local/openresty/luajit/lib/lua/5.1/apisix/plugins/pajo.so'
	no file '/usr/local/lib/lua/5.1/loadall.so'
	no file '/usr/local/apisix//deps/lib64/lua/5.1/apisix.so'
	no file '/usr/local/apisix//deps/lib/lua/5.1/apisix.so'
	no file '/usr/local/openresty/site/lualib/apisix.so'
	no file '/usr/local/openresty/lualib/apisix.so'
	no file './apisix.so'
	no file '/usr/local/lib/lua/5.1/apisix.so'
	no file '/usr/local/openresty/luajit/lib/lua/5.1/apisix.so'
	no file '/usr/local/lib/lua/5.1/loadall.so'
	no file './apisix.so'
	no file '/usr/local/lib/lua/5.1/apisix.so'
	no file '/usr/local/openresty/luajit/lib/lua/5.1/apisix.so'
	no file '/usr/local/lib/lua/5.1/loadall.so', context: init_worker_b
2024/04/25 11:11:13 [error] 50#50: *2 [lua] plugin.lua:138: load_plugin(): failed to load plugin [pajo] err: module 'apisix.plugins.pajo' not found:
	no field package.preload['apisix.plugins.pajo']
	no file '/usr/local/apisix//deps/share/lua/5.1/apisix/plugins/pajo.lua'
	no file '/usr/local/apisix//deps/share/lua/5.1/apisix/plugins/pajo/init.lua'
	no file '/usr/local/apisix/apisix/plugins/pajo.lua'
	no file '/usr/local/apisix/apisix/plugins/pajo/init.lua'
	no file '/usr/local/openresty/site/lualib/apisix/plugins/pajo.ljbc'
	no file '/usr/local/openresty/site/lualib/apisix/plugins/pajo/init.ljbc'
	no file '/usr/local/openresty/lualib/apisix/plugins/pajo.ljbc'
	no file '/usr/local/openresty/lualib/apisix/plugins/pajo/init.ljbc'
	no file '/usr/local/openresty/site/lualib/apisix/plugins/pajo.lua'
	no file '/usr/local/openresty/site/lualib/apisix/plugins/pajo/init.lua'
	no file '/usr/local/openresty/lualib/apisix/plugins/pajo.lua'
	no file '/usr/local/openresty/lualib/apisix/plugins/pajo/init.lua'
	no file './apisix/plugins/pajo.lua'
	no file '/usr/local/openresty/luajit/share/luajit-2.1/apisix/plugins/pajo.lua'
	no file '/usr/local/share/lua/5.1/apisix/plugins/pajo.lua'
	no file '/usr/local/share/lua/5.1/apisix/plugins/pajo/init.lua'
	no file '/usr/local/openresty/luajit/share/lua/5.1/apisix/plugins/pajo.lua'
	no file '/usr/local/openresty/luajit/share/lua/5.1/apisix/plugins/pajo/init.lua'
	no file '/usr/local/apisix/apisix/plugins/pajo.lua'
	no file './apisix/plugins/pajo.lua'
	no file '/usr/local/openresty/luajit/share/luajit-2.1/apisix/plugins/pajo.lua'
	no file '/usr/local/share/lua/5.1/apisix/plugins/pajo.lua'
	no file '/usr/local/share/lua/5.1/apisix/plugins/pajo/init.lua'
	no file '/usr/local/openresty/luajit/share/lua/5.1/apisix/plugins/pajo.lua'
	no file '/usr/local/openresty/luajit/share/lua/5.1/apisix/plugins/pajo/init.lua'
	no file '/usr/local/openresty/site/lualib/apisix/plugins/pajo.ljbc'
	no file '/usr/local/openresty/site/lualib/apisix/plugins/pajo/init.ljbc'
	no file '/usr/local/openresty/lualib/apisix/plugins/pajo.ljbc'
	no file '/usr/local/openresty/lualib/apisix/plugins/pajo/init.ljbc'
	no file '/usr/local/openresty/site/lualib/apisix/plugins/pajo.lua'
	no file '/usr/local/openresty/site/lualib/apisix/plugins/pajo/init.lua'
	no file '/usr/local/openresty/lualib/apisix/plugins/pajo.lua'
	no file '/usr/local/openresty/lualib/apisix/plugins/pajo/init.lua'
	no file './apisix/plugins/pajo.lua'
	no file '/usr/local/openresty/luajit/share/luajit-2.1/apisix/plugins/pajo.lua'
	no file '/usr/local/share/lua/5.1/apisix/plugins/pajo.lua'
	no file '/usr/local/share/lua/5.1/apisix/plugins/pajo/init.lua'
	no file '/usr/local/openresty/luajit/share/lua/5.1/apisix/plugins/pajo.lua'
	no file '/usr/local/openresty/luajit/share/lua/5.1/apisix/plugins/pajo/init.lua'
	no file '/usr/local/apisix//deps/lib64/lua/5.1/apisix/plugins/pajo.so'
	no file '/usr/local/apisix//deps/lib/lua/5.1/apisix/plugins/pajo.so'
	no file '/usr/local/openresty/site/lualib/apisix/plugins/pajo.so'
	no file '/usr/local/openresty/lualib/apisix/plugins/pajo.so'
	no file './apisix/plugins/pajo.so'
	no file '/usr/local/lib/lua/5.1/apisix/plugins/pajo.so'
	no file '/usr/local/openresty/luajit/lib/lua/5.1/apisix/plugins/pajo.so'
	no file '/usr/local/lib/lua/5.1/loadall.so'
	no file './apisix/plugins/pajo.so'
	no file '/usr/local/lib/lua/5.1/apisix/plugins/pajo.so'
	no file '/usr/local/openresty/luajit/lib/lua/5.1/apisix/plugins/pajo.so'
	no file '/usr/local/lib/lua/5.1/loadall.so'
	no file '/usr/local/apisix//deps/lib64/lua/5.1/apisix.so'
	no file '/usr/local/apisix//deps/lib/lua/5.1/apisix.so'
	no file '/usr/local/openresty/site/lualib/apisix.so'
	no file '/usr/local/openresty/lualib/apisix.so'
	no file './apisix.so'
	no file '/usr/local/lib/lua/5.1/apisix.so'
	no file '/usr/local/openresty/luajit/lib/lua/5.1/apisix.so'
	no file '/usr/local/lib/lua/5.1/loadall.so'
	no file './apisix.so'
	no file '/usr/local/lib/lua/5.1/apisix.so'
	no file '/usr/local/openresty/luajit/lib/lua/5.1/apisix.so'
	no file '/usr/local/lib/lua/5.1/loadall.so', context: init_worker_b
2024/04/25 11:11:13 [warn] 53#53: *4 [lua] plugin.lua:255: load_stream(): new plugins: {"syslog":true,"limit-conn":true,"ip-restriction":true,"mqtt-proxy":true}, context: init_worker_by_lua*
2024/04/25 11:11:13 [warn] 53#53: *4 [lua] plugin.lua:205: load(): new plugins: {"http-logger":true,"basic-auth":true,"ldap-auth":true,"traffic-split":true,"key-auth":true,"proxy-control":true,"jwt-auth":true,"chaitin-waf":true,"openid-connect":true,"cors":true,"request-validation":true,"openwhisk":true,"opa":true,"grpc-web":true,"ext-plugin-pre-req":true,"inspect":true,"real-ip":true,"limit-conn":true,"limit-req":true,"redirect":true,"kafka-proxy":true,"public-api":true,"referer-restriction":true,"google-cloud-logging":true,"workflow":true,"clickhouse-logger":true,"udp-logger":true,"authz-keycloak":true,"loggly":true,"consumer-restriction":true,"cas-auth":true,"hmac-auth":true,"elasticsearch-logger":true,"wolf-rbac":true,"rocketmq-logger":true,"authz-casdoor":true,"proxy-rewrite":true,"multi-auth":true,"splunk-hec-logging":true,"uri-blocker":true,"datadog":true,"response-rewrite":true,"ai":true,"fault-injection":true,"sls-logger":true,"gzip":true,"ext-plugin-post-req":true,"body-transformer":true,"mocking":true,"ext-plugin-post-resp":true,"serverless-post-function":true,"openfunction":true,"example-plugin":true,"csrf":true,"aws-lambda":true,"tencent-cloud-cls":true,"file-logger":true,"prometheus":true,"azure-functions":true,"kafka-logger":true,"skywalking-logger":true,"proxy-mirror":true,"authz-casbin":true,"forward-auth":true,"http-dubbo":true,"request-id":true,"ip-restriction":true,"loki-logger":true,"syslog":true,"zipkin":true,"serverless-pre-function":true,"proxy-cache":true,"tcp-logger":true,"api-breaker":true,"limit-count":true,"client-control":true,"echo":true,"grpc-transcode":true,"ua-restriction":true,"server-info":true,"jwe-decrypt":true,"degraphql":true}, context: init_worker_by_lua*
2024/04/25 11:11:13 [warn] 51#51: *1 [lua] plugin.lua:255: load_stream(): new plugins: {"syslog":true,"limit-conn":true,"ip-restriction":true,"mqtt-proxy":true}, context: init_worker_by_lua*
2024/04/25 11:11:13 [warn] 51#51: *1 [lua] plugin.lua:205: load(): new plugins: {"http-logger":true,"basic-auth":true,"ldap-auth":true,"traffic-split":true,"key-auth":true,"proxy-control":true,"jwt-auth":true,"chaitin-waf":true,"openid-connect":true,"cors":true,"request-validation":true,"openwhisk":true,"opa":true,"grpc-web":true,"ext-plugin-pre-req":true,"inspect":true,"real-ip":true,"limit-conn":true,"limit-req":true,"redirect":true,"kafka-proxy":true,"public-api":true,"referer-restriction":true,"google-cloud-logging":true,"workflow":true,"clickhouse-logger":true,"udp-logger":true,"authz-keycloak":true,"loggly":true,"consumer-restriction":true,"cas-auth":true,"hmac-auth":true,"elasticsearch-logger":true,"wolf-rbac":true,"rocketmq-logger":true,"authz-casdoor":true,"proxy-rewrite":true,"multi-auth":true,"splunk-hec-logging":true,"uri-blocker":true,"datadog":true,"response-rewrite":true,"ai":true,"fault-injection":true,"sls-logger":true,"gzip":true,"ext-plugin-post-req":true,"body-transformer":true,"mocking":true,"ext-plugin-post-resp":true,"serverless-post-function":true,"openfunction":true,"example-plugin":true,"csrf":true,"aws-lambda":true,"tencent-cloud-cls":true,"file-logger":true,"prometheus":true,"azure-functions":true,"kafka-logger":true,"skywalking-logger":true,"proxy-mirror":true,"authz-casbin":true,"forward-auth":true,"http-dubbo":true,"request-id":true,"ip-restriction":true,"loki-logger":true,"syslog":true,"zipkin":true,"serverless-pre-function":true,"proxy-cache":true,"tcp-logger":true,"api-breaker":true,"limit-count":true,"client-control":true,"echo":true,"grpc-transcode":true,"ua-restriction":true,"server-info":true,"jwe-decrypt":true,"degraphql":true}, context: init_worker_by_lua*
2024/04/25 11:11:13 [warn] 50#50: *2 [lua] plugin.lua:255: load_stream(): new plugins: {"syslog":true,"limit-conn":true,"ip-restriction":true,"mqtt-proxy":true}, context: init_worker_by_lua*
2024/04/25 11:11:13 [warn] 50#50: *2 [lua] plugin.lua:205: load(): new plugins: {"http-logger":true,"basic-auth":true,"ldap-auth":true,"traffic-split":true,"key-auth":true,"proxy-control":true,"jwt-auth":true,"chaitin-waf":true,"openid-connect":true,"cors":true,"request-validation":true,"openwhisk":true,"opa":true,"grpc-web":true,"ext-plugin-pre-req":true,"inspect":true,"real-ip":true,"limit-conn":true,"limit-req":true,"redirect":true,"kafka-proxy":true,"public-api":true,"referer-restriction":true,"google-cloud-logging":true,"workflow":true,"clickhouse-logger":true,"udp-logger":true,"authz-keycloak":true,"loggly":true,"consumer-restriction":true,"cas-auth":true,"hmac-auth":true,"elasticsearch-logger":true,"wolf-rbac":true,"rocketmq-logger":true,"authz-casdoor":true,"proxy-rewrite":true,"multi-auth":true,"splunk-hec-logging":true,"uri-blocker":true,"datadog":true,"response-rewrite":true,"ai":true,"fault-injection":true,"sls-logger":true,"gzip":true,"ext-plugin-post-req":true,"body-transformer":true,"mocking":true,"ext-plugin-post-resp":true,"serverless-post-function":true,"openfunction":true,"example-plugin":true,"csrf":true,"aws-lambda":true,"tencent-cloud-cls":true,"file-logger":true,"prometheus":true,"azure-functions":true,"kafka-logger":true,"skywalking-logger":true,"proxy-mirror":true,"authz-casbin":true,"forward-auth":true,"http-dubbo":true,"request-id":true,"ip-restriction":true,"loki-logger":true,"syslog":true,"zipkin":true,"serverless-pre-function":true,"proxy-cache":true,"tcp-logger":true,"api-breaker":true,"limit-count":true,"client-control":true,"echo":true,"grpc-transcode":true,"ua-restriction":true,"server-info":true,"jwe-decrypt":true,"degraphql":true}, context: init_worker_by_lua*
2024/04/25 11:11:13 [warn] 52#52: *3 [lua] plugin.lua:205: load(): new plugins: {"http-logger":true,"basic-auth":true,"ldap-auth":true,"traffic-split":true,"key-auth":true,"proxy-control":true,"jwt-auth":true,"chaitin-waf":true,"openid-connect":true,"cors":true,"request-validation":true,"openwhisk":true,"opa":true,"grpc-web":true,"ext-plugin-pre-req":true,"inspect":true,"real-ip":true,"limit-conn":true,"limit-req":true,"redirect":true,"kafka-proxy":true,"public-api":true,"referer-restriction":true,"google-cloud-logging":true,"workflow":true,"clickhouse-logger":true,"udp-logger":true,"authz-keycloak":true,"loggly":true,"consumer-restriction":true,"cas-auth":true,"hmac-auth":true,"elasticsearch-logger":true,"wolf-rbac":true,"rocketmq-logger":true,"authz-casdoor":true,"proxy-rewrite":true,"multi-auth":true,"splunk-hec-logging":true,"uri-blocker":true,"datadog":true,"response-rewrite":true,"ai":true,"fault-injection":true,"pajo":true,"sls-logger":true,"gzip":true,"ext-plugin-post-req":true,"body-transformer":true,"mocking":true,"ext-plugin-post-resp":true,"serverless-post-function":true,"openfunction":true,"example-plugin":true,"csrf":true,"aws-lambda":true,"tencent-cloud-cls":true,"file-logger":true,"prometheus":true,"azure-functions":true,"kafka-logger":true,"skywalking-logger":true,"proxy-mirror":true,"authz-casbin":true,"forward-auth":true,"http-dubbo":true,"request-id":true,"ip-restriction":true,"loki-logger":true,"syslog":true,"zipkin":true,"serverless-pre-function":true,"proxy-cache":true,"tcp-logger":true,"api-breaker":true,"limit-count":true,"client-control":true,"echo":true,"grpc-transcode":true,"ua-restriction":true,"server-info":true,"jwe-decrypt":true,"degraphql":true}, context: init_worker_by_lua*
2024/04/25 11:11:13 [warn] 58#58: *5 [lua] plugin.lua:205: load(): new plugins: {"http-logger":true,"basic-auth":true,"ldap-auth":true,"traffic-split":true,"key-auth":true,"proxy-control":true,"jwt-auth":true,"chaitin-waf":true,"openid-connect":true,"cors":true,"request-validation":true,"openwhisk":true,"opa":true,"grpc-web":true,"ext-plugin-pre-req":true,"inspect":true,"real-ip":true,"limit-conn":true,"limit-req":true,"redirect":true,"kafka-proxy":true,"public-api":true,"referer-restriction":true,"google-cloud-logging":true,"workflow":true,"clickhouse-logger":true,"udp-logger":true,"authz-keycloak":true,"loggly":true,"consumer-restriction":true,"cas-auth":true,"hmac-auth":true,"elasticsearch-logger":true,"wolf-rbac":true,"rocketmq-logger":true,"authz-casdoor":true,"proxy-rewrite":true,"multi-auth":true,"splunk-hec-logging":true,"uri-blocker":true,"datadog":true,"response-rewrite":true,"ai":true,"fault-injection":true,"pajo":true,"sls-logger":true,"gzip":true,"ext-plugin-post-req":true,"body-transformer":true,"mocking":true,"ext-plugin-post-resp":true,"serverless-post-function":true,"openfunction":true,"example-plugin":true,"csrf":true,"aws-lambda":true,"tencent-cloud-cls":true,"file-logger":true,"prometheus":true,"azure-functions":true,"kafka-logger":true,"skywalking-logger":true,"proxy-mirror":true,"authz-casbin":true,"forward-auth":true,"http-dubbo":true,"request-id":true,"ip-restriction":true,"loki-logger":true,"syslog":true,"zipkin":true,"serverless-pre-function":true,"proxy-cache":true,"tcp-logger":true,"api-breaker":true,"limit-count":true,"client-control":true,"echo":true,"grpc-transcode":true,"ua-restriction":true,"server-info":true,"jwe-decrypt":true,"degraphql":true}, context: init_worker_by_lua*
2024/04/25 11:11:13 [warn] 53#53: *4 [lua] plugin.lua:255: load_stream(): new plugins: {"syslog":true,"limit-conn":true,"ip-restriction":true,"mqtt-proxy":true}, context: init_worker_by_lua*
2024/04/25 11:11:13 [warn] 51#51: *1 [lua] plugin.lua:255: load_stream(): new plugins: {"syslog":true,"limit-conn":true,"ip-restriction":true,"mqtt-proxy":true}, context: init_worker_by_lua*
2024/04/25 11:11:13 [warn] 50#50: *2 [lua] plugin.lua:255: load_stream(): new plugins: {"syslog":true,"limit-conn":true,"ip-restriction":true,"mqtt-proxy":true}, context: init_worker_by_lua*
2024/04/25 11:11:13 [error] 52#52: *3 [lua] plugin.lua:138: load_plugin(): failed to load plugin [pajo] err: module 'apisix.plugins.pajo' not found:
	no field package.preload['apisix.plugins.pajo']
	no file '/usr/local/apisix//deps/share/lua/5.1/apisix/plugins/pajo.lua'
	no file '/usr/local/apisix//deps/share/lua/5.1/apisix/plugins/pajo/init.lua'
	no file '/usr/local/apisix/apisix/plugins/pajo.lua'
	no file '/usr/local/apisix/apisix/plugins/pajo/init.lua'
	no file '/usr/local/openresty/site/lualib/apisix/plugins/pajo.ljbc'
	no file '/usr/local/openresty/site/lualib/apisix/plugins/pajo/init.ljbc'
	no file '/usr/local/openresty/lualib/apisix/plugins/pajo.ljbc'
	no file '/usr/local/openresty/lualib/apisix/plugins/pajo/init.ljbc'
	no file '/usr/local/openresty/site/lualib/apisix/plugins/pajo.lua'
	no file '/usr/local/openresty/site/lualib/apisix/plugins/pajo/init.lua'
	no file '/usr/local/openresty/lualib/apisix/plugins/pajo.lua'
	no file '/usr/local/openresty/lualib/apisix/plugins/pajo/init.lua'
	no file './apisix/plugins/pajo.lua'
	no file '/usr/local/openresty/luajit/share/luajit-2.1/apisix/plugins/pajo.lua'
	no file '/usr/local/share/lua/5.1/apisix/plugins/pajo.lua'
	no file '/usr/local/share/lua/5.1/apisix/plugins/pajo/init.lua'
	no file '/usr/local/openresty/luajit/share/lua/5.1/apisix/plugins/pajo.lua'
	no file '/usr/local/openresty/luajit/share/lua/5.1/apisix/plugins/pajo/init.lua'
	no file '/usr/local/apisix/apisix/plugins/pajo.lua'
	no file './apisix/plugins/pajo.lua'
	no file '/usr/local/openresty/luajit/share/luajit-2.1/apisix/plugins/pajo.lua'
	no file '/usr/local/share/lua/5.1/apisix/plugins/pajo.lua'
	no file '/usr/local/share/lua/5.1/apisix/plugins/pajo/init.lua'
	no file '/usr/local/openresty/luajit/share/lua/5.1/apisix/plugins/pajo.lua'
	no file '/usr/local/openresty/luajit/share/lua/5.1/apisix/plugins/pajo/init.lua'
	no file '/usr/local/openresty/site/lualib/apisix/plugins/pajo.ljbc'
	no file '/usr/local/openresty/site/lualib/apisix/plugins/pajo/init.ljbc'
	no file '/usr/local/openresty/lualib/apisix/plugins/pajo.ljbc'
	no file '/usr/local/openresty/lualib/apisix/plugins/pajo/init.ljbc'
	no file '/usr/local/openresty/site/lualib/apisix/plugins/pajo.lua'
	no file '/usr/local/openresty/site/lualib/apisix/plugins/pajo/init.lua'
	no file '/usr/local/openresty/lualib/apisix/plugins/pajo.lua'
	no file '/usr/local/openresty/lualib/apisix/plugins/pajo/init.lua'
	no file './apisix/plugins/pajo.lua'
	no file '/usr/local/openresty/luajit/share/luajit-2.1/apisix/plugins/pajo.lua'
	no file '/usr/local/share/lua/5.1/apisix/plugins/pajo.lua'
	no file '/usr/local/share/lua/5.1/apisix/plugins/pajo/init.lua'
	no file '/usr/local/openresty/luajit/share/lua/5.1/apisix/plugins/pajo.lua'
	no file '/usr/local/openresty/luajit/share/lua/5.1/apisix/plugins/pajo/init.lua'
	no file '/usr/local/apisix//deps/lib64/lua/5.1/apisix/plugins/pajo.so'
	no file '/usr/local/apisix//deps/lib/lua/5.1/apisix/plugins/pajo.so'
	no file '/usr/local/openresty/site/lualib/apisix/plugins/pajo.so'
	no file '/usr/local/openresty/lualib/apisix/plugins/pajo.so'
	no file './apisix/plugins/pajo.so'
	no file '/usr/local/lib/lua/5.1/apisix/plugins/pajo.so'
	no file '/usr/local/openresty/luajit/lib/lua/5.1/apisix/plugins/pajo.so'
	no file '/usr/local/lib/lua/5.1/loadall.so'
	no file './apisix/plugins/pajo.so'
	no file '/usr/local/lib/lua/5.1/apisix/plugins/pajo.so'
	no file '/usr/local/openresty/luajit/lib/lua/5.1/apisix/plugins/pajo.so'
	no file '/usr/local/lib/lua/5.1/loadall.so'
	no file '/usr/local/apisix//deps/lib64/lua/5.1/apisix.so'
	no file '/usr/local/apisix//deps/lib/lua/5.1/apisix.so'
	no file '/usr/local/openresty/site/lualib/apisix.so'
	no file '/usr/local/openresty/lualib/apisix.so'
	no file './apisix.so'
	no file '/usr/local/lib/lua/5.1/apisix.so'
	no file '/usr/local/openresty/luajit/lib/lua/5.1/apisix.so'
	no file '/usr/local/lib/lua/5.1/loadall.so'
	no file './apisix.so'
	no file '/usr/local/lib/lua/5.1/apisix.so'
	no file '/usr/local/openresty/luajit/lib/lua/5.1/apisix.so'
	no file '/usr/local/lib/lua/5.1/loadall.so', context: init_worker_b
2024/04/25 11:11:13 [error] 58#58: *5 [lua] plugin.lua:138: load_plugin(): failed to load plugin [pajo] err: module 'apisix.plugins.pajo' not found:
	no field package.preload['apisix.plugins.pajo']
	no file '/usr/local/apisix//deps/share/lua/5.1/apisix/plugins/pajo.lua'
	no file '/usr/local/apisix//deps/share/lua/5.1/apisix/plugins/pajo/init.lua'
	no file '/usr/local/apisix/apisix/plugins/pajo.lua'
	no file '/usr/local/apisix/apisix/plugins/pajo/init.lua'
	no file '/usr/local/openresty/site/lualib/apisix/plugins/pajo.ljbc'
	no file '/usr/local/openresty/site/lualib/apisix/plugins/pajo/init.ljbc'
	no file '/usr/local/openresty/lualib/apisix/plugins/pajo.ljbc'
	no file '/usr/local/openresty/lualib/apisix/plugins/pajo/init.ljbc'
	no file '/usr/local/openresty/site/lualib/apisix/plugins/pajo.lua'
	no file '/usr/local/openresty/site/lualib/apisix/plugins/pajo/init.lua'
	no file '/usr/local/openresty/lualib/apisix/plugins/pajo.lua'
	no file '/usr/local/openresty/lualib/apisix/plugins/pajo/init.lua'
	no file './apisix/plugins/pajo.lua'
	no file '/usr/local/openresty/luajit/share/luajit-2.1/apisix/plugins/pajo.lua'
	no file '/usr/local/share/lua/5.1/apisix/plugins/pajo.lua'
	no file '/usr/local/share/lua/5.1/apisix/plugins/pajo/init.lua'
	no file '/usr/local/openresty/luajit/share/lua/5.1/apisix/plugins/pajo.lua'
	no file '/usr/local/openresty/luajit/share/lua/5.1/apisix/plugins/pajo/init.lua'
	no file '/usr/local/apisix/apisix/plugins/pajo.lua'
	no file './apisix/plugins/pajo.lua'
	no file '/usr/local/openresty/luajit/share/luajit-2.1/apisix/plugins/pajo.lua'
	no file '/usr/local/share/lua/5.1/apisix/plugins/pajo.lua'
	no file '/usr/local/share/lua/5.1/apisix/plugins/pajo/init.lua'
	no file '/usr/local/openresty/luajit/share/lua/5.1/apisix/plugins/pajo.lua'
	no file '/usr/local/openresty/luajit/share/lua/5.1/apisix/plugins/pajo/init.lua'
	no file '/usr/local/openresty/site/lualib/apisix/plugins/pajo.ljbc'
	no file '/usr/local/openresty/site/lualib/apisix/plugins/pajo/init.ljbc'
	no file '/usr/local/openresty/lualib/apisix/plugins/pajo.ljbc'
	no file '/usr/local/openresty/lualib/apisix/plugins/pajo/init.ljbc'
	no file '/usr/local/openresty/site/lualib/apisix/plugins/pajo.lua'
	no file '/usr/local/openresty/site/lualib/apisix/plugins/pajo/init.lua'
	no file '/usr/local/openresty/lualib/apisix/plugins/pajo.lua'
	no file '/usr/local/openresty/lualib/apisix/plugins/pajo/init.lua'
	no file './apisix/plugins/pajo.lua'
	no file '/usr/local/openresty/luajit/share/luajit-2.1/apisix/plugins/pajo.lua'
	no file '/usr/local/share/lua/5.1/apisix/plugins/pajo.lua'
	no file '/usr/local/share/lua/5.1/apisix/plugins/pajo/init.lua'
	no file '/usr/local/openresty/luajit/share/lua/5.1/apisix/plugins/pajo.lua'
	no file '/usr/local/openresty/luajit/share/lua/5.1/apisix/plugins/pajo/init.lua'
	no file '/usr/local/apisix//deps/lib64/lua/5.1/apisix/plugins/pajo.so'
	no file '/usr/local/apisix//deps/lib/lua/5.1/apisix/plugins/pajo.so'
	no file '/usr/local/openresty/site/lualib/apisix/plugins/pajo.so'
	no file '/usr/local/openresty/lualib/apisix/plugins/pajo.so'
	no file './apisix/plugins/pajo.so'
	no file '/usr/local/lib/lua/5.1/apisix/plugins/pajo.so'
	no file '/usr/local/openresty/luajit/lib/lua/5.1/apisix/plugins/pajo.so'
	no file '/usr/local/lib/lua/5.1/loadall.so'
	no file './apisix/plugins/pajo.so'
	no file '/usr/local/lib/lua/5.1/apisix/plugins/pajo.so'
	no file '/usr/local/openresty/luajit/lib/lua/5.1/apisix/plugins/pajo.so'
	no file '/usr/local/lib/lua/5.1/loadall.so'
	no file '/usr/local/apisix//deps/lib64/lua/5.1/apisix.so'
	no file '/usr/local/apisix//deps/lib/lua/5.1/apisix.so'
	no file '/usr/local/openresty/site/lualib/apisix.so'
	no file '/usr/local/openresty/lualib/apisix.so'
	no file './apisix.so'
	no file '/usr/local/lib/lua/5.1/apisix.so'
	no file '/usr/local/openresty/luajit/lib/lua/5.1/apisix.so'
	no file '/usr/local/lib/lua/5.1/loadall.so'
	no file './apisix.so'
	no file '/usr/local/lib/lua/5.1/apisix.so'
	no file '/usr/local/openresty/luajit/lib/lua/5.1/apisix.so'
	no file '/usr/local/lib/lua/5.1/loadall.so', context: init_worker_b
2024/04/25 11:11:13 [warn] 52#52: *3 [lua] plugin.lua:255: load_stream(): new plugins: {"syslog":true,"limit-conn":true,"ip-restriction":true,"mqtt-proxy":true}, context: init_worker_by_lua*
2024/04/25 11:11:13 [warn] 52#52: *3 [lua] plugin.lua:205: load(): new plugins: {"http-logger":true,"basic-auth":true,"ldap-auth":true,"traffic-split":true,"key-auth":true,"proxy-control":true,"jwt-auth":true,"chaitin-waf":true,"openid-connect":true,"cors":true,"request-validation":true,"openwhisk":true,"opa":true,"grpc-web":true,"ext-plugin-pre-req":true,"inspect":true,"real-ip":true,"limit-conn":true,"limit-req":true,"redirect":true,"kafka-proxy":true,"public-api":true,"referer-restriction":true,"google-cloud-logging":true,"workflow":true,"clickhouse-logger":true,"udp-logger":true,"authz-keycloak":true,"loggly":true,"consumer-restriction":true,"cas-auth":true,"hmac-auth":true,"elasticsearch-logger":true,"wolf-rbac":true,"rocketmq-logger":true,"authz-casdoor":true,"proxy-rewrite":true,"multi-auth":true,"splunk-hec-logging":true,"uri-blocker":true,"datadog":true,"response-rewrite":true,"ai":true,"fault-injection":true,"sls-logger":true,"gzip":true,"ext-plugin-post-req":true,"body-transformer":true,"mocking":true,"ext-plugin-post-resp":true,"serverless-post-function":true,"openfunction":true,"example-plugin":true,"csrf":true,"aws-lambda":true,"tencent-cloud-cls":true,"file-logger":true,"prometheus":true,"azure-functions":true,"kafka-logger":true,"skywalking-logger":true,"proxy-mirror":true,"authz-casbin":true,"forward-auth":true,"http-dubbo":true,"request-id":true,"ip-restriction":true,"loki-logger":true,"syslog":true,"zipkin":true,"serverless-pre-function":true,"proxy-cache":true,"tcp-logger":true,"api-breaker":true,"limit-count":true,"client-control":true,"echo":true,"grpc-transcode":true,"ua-restriction":true,"server-info":true,"jwe-decrypt":true,"degraphql":true}, context: init_worker_by_lua*
2024/04/25 11:11:13 [warn] 58#58: *5 [lua] plugin.lua:255: load_stream(): new plugins: {"syslog":true,"limit-conn":true,"ip-restriction":true,"mqtt-proxy":true}, context: init_worker_by_lua*
2024/04/25 11:11:13 [warn] 58#58: *5 [lua] plugin.lua:205: load(): new plugins: {"http-logger":true,"basic-auth":true,"ldap-auth":true,"traffic-split":true,"key-auth":true,"proxy-control":true,"jwt-auth":true,"chaitin-waf":true,"openid-connect":true,"cors":true,"request-validation":true,"openwhisk":true,"opa":true,"grpc-web":true,"ext-plugin-pre-req":true,"inspect":true,"real-ip":true,"limit-conn":true,"limit-req":true,"redirect":true,"kafka-proxy":true,"public-api":true,"referer-restriction":true,"google-cloud-logging":true,"workflow":true,"clickhouse-logger":true,"udp-logger":true,"authz-keycloak":true,"loggly":true,"consumer-restriction":true,"cas-auth":true,"hmac-auth":true,"elasticsearch-logger":true,"wolf-rbac":true,"rocketmq-logger":true,"authz-casdoor":true,"proxy-rewrite":true,"multi-auth":true,"splunk-hec-logging":true,"uri-blocker":true,"datadog":true,"response-rewrite":true,"ai":true,"fault-injection":true,"sls-logger":true,"gzip":true,"ext-plugin-post-req":true,"body-transformer":true,"mocking":true,"ext-plugin-post-resp":true,"serverless-post-function":true,"openfunction":true,"example-plugin":true,"csrf":true,"aws-lambda":true,"tencent-cloud-cls":true,"file-logger":true,"prometheus":true,"azure-functions":true,"kafka-logger":true,"skywalking-logger":true,"proxy-mirror":true,"authz-casbin":true,"forward-auth":true,"http-dubbo":true,"request-id":true,"ip-restriction":true,"loki-logger":true,"syslog":true,"zipkin":true,"serverless-pre-function":true,"proxy-cache":true,"tcp-logger":true,"api-breaker":true,"limit-count":true,"client-control":true,"echo":true,"grpc-transcode":true,"ua-restriction":true,"server-info":true,"jwe-decrypt":true,"degraphql":true}, context: init_worker_by_lua*
2024/04/25 11:11:13 [warn] 52#52: *3 [lua] plugin.lua:255: load_stream(): new plugins: {"syslog":true,"limit-conn":true,"ip-restriction":true,"mqtt-proxy":true}, context: init_worker_by_lua*
2024/04/25 11:11:13 [warn] 58#58: *5 [lua] plugin.lua:255: load_stream(): new plugins: {"syslog":true,"limit-conn":true,"ip-restriction":true,"mqtt-proxy":true}, context: init_worker_by_lua*
2024/04/25 11:19:45 [warn] 52#52: *4 [lua] plugin.lua:205: load(): new plugins: {"splunk-hec-logging":true,"authz-keycloak":true,"google-cloud-logging":true,"rocketmq-logger":true,"forward-auth":true,"loggly":true,"aws-lambda":true,"kafka-proxy":true,"wolf-rbac":true,"echo":true,"mocking":true,"udp-logger":true,"authz-casbin":true,"request-id":true,"loki-logger":true,"degraphql":true,"prometheus":true,"serverless-pre-function":true,"server-info":true,"opa":true,"jwt-auth":true,"multi-auth":true,"datadog":true,"ua-restriction":true,"skywalking-logger":true,"kafka-logger":true,"3rd-party":true,"ext-plugin-post-resp":true,"ext-plugin-post-req":true,"cors":true,"serverless-post-function":true,"body-transformer":true,"ldap-auth":true,"grpc-transcode":true,"sls-logger":true,"proxy-rewrite":true,"openwhisk":true,"azure-functions":true,"proxy-control":true,"chaitin-waf":true,"authz-casdoor":true,"grpc-web":true,"example-plugin":true,"inspect":true,"consumer-restriction":true,"tencent-cloud-cls":true,"file-logger":true,"uri-blocker":true,"http-logger":true,"clickhouse-logger":true,"redirect":true,"syslog":true,"tcp-logger":true,"proxy-cache":true,"openid-connect":true,"public-api":true,"http-dubbo":true,"hmac-auth":true,"openfunction":true,"zipkin":true,"fault-injection":true,"gzip":true,"limit-conn":true,"api-breaker":true,"limit-count":true,"basic-auth":true,"key-auth":true,"ext-plugin-pre-req":true,"limit-req":true,"ai":true,"referer-restriction":true,"workflow":true,"request-validation":true,"elasticsearch-logger":true,"response-rewrite":true,"csrf":true,"traffic-split":true,"client-control":true,"cas-auth":true,"jwe-decrypt":true,"real-ip":true,"proxy-mirror":true,"ip-restriction":true}, context: init_worker_by_lua*
2024/04/25 11:19:45 [warn] 49#49: *2 [lua] plugin.lua:205: load(): new plugins: {"splunk-hec-logging":true,"authz-keycloak":true,"google-cloud-logging":true,"rocketmq-logger":true,"forward-auth":true,"loggly":true,"aws-lambda":true,"kafka-proxy":true,"wolf-rbac":true,"echo":true,"mocking":true,"udp-logger":true,"authz-casbin":true,"request-id":true,"loki-logger":true,"degraphql":true,"prometheus":true,"serverless-pre-function":true,"server-info":true,"opa":true,"jwt-auth":true,"multi-auth":true,"datadog":true,"ua-restriction":true,"skywalking-logger":true,"kafka-logger":true,"3rd-party":true,"ext-plugin-post-resp":true,"ext-plugin-post-req":true,"cors":true,"serverless-post-function":true,"body-transformer":true,"ldap-auth":true,"grpc-transcode":true,"sls-logger":true,"proxy-rewrite":true,"openwhisk":true,"azure-functions":true,"proxy-control":true,"chaitin-waf":true,"authz-casdoor":true,"grpc-web":true,"example-plugin":true,"inspect":true,"consumer-restriction":true,"tencent-cloud-cls":true,"file-logger":true,"uri-blocker":true,"http-logger":true,"clickhouse-logger":true,"redirect":true,"syslog":true,"tcp-logger":true,"proxy-cache":true,"openid-connect":true,"public-api":true,"http-dubbo":true,"hmac-auth":true,"openfunction":true,"zipkin":true,"fault-injection":true,"gzip":true,"limit-conn":true,"api-breaker":true,"limit-count":true,"basic-auth":true,"key-auth":true,"ext-plugin-pre-req":true,"limit-req":true,"ai":true,"referer-restriction":true,"workflow":true,"request-validation":true,"elasticsearch-logger":true,"response-rewrite":true,"csrf":true,"traffic-split":true,"client-control":true,"cas-auth":true,"jwe-decrypt":true,"real-ip":true,"proxy-mirror":true,"ip-restriction":true}, context: init_worker_by_lua*
2024/04/25 11:19:45 [warn] 51#51: *3 [lua] plugin.lua:205: load(): new plugins: {"splunk-hec-logging":true,"authz-keycloak":true,"google-cloud-logging":true,"rocketmq-logger":true,"forward-auth":true,"loggly":true,"aws-lambda":true,"kafka-proxy":true,"wolf-rbac":true,"echo":true,"mocking":true,"udp-logger":true,"authz-casbin":true,"request-id":true,"loki-logger":true,"degraphql":true,"prometheus":true,"serverless-pre-function":true,"server-info":true,"opa":true,"jwt-auth":true,"multi-auth":true,"datadog":true,"ua-restriction":true,"skywalking-logger":true,"kafka-logger":true,"3rd-party":true,"ext-plugin-post-resp":true,"ext-plugin-post-req":true,"cors":true,"serverless-post-function":true,"body-transformer":true,"ldap-auth":true,"grpc-transcode":true,"sls-logger":true,"proxy-rewrite":true,"openwhisk":true,"azure-functions":true,"proxy-control":true,"chaitin-waf":true,"authz-casdoor":true,"grpc-web":true,"example-plugin":true,"inspect":true,"consumer-restriction":true,"tencent-cloud-cls":true,"file-logger":true,"uri-blocker":true,"http-logger":true,"clickhouse-logger":true,"redirect":true,"syslog":true,"tcp-logger":true,"proxy-cache":true,"openid-connect":true,"public-api":true,"http-dubbo":true,"hmac-auth":true,"openfunction":true,"zipkin":true,"fault-injection":true,"gzip":true,"limit-conn":true,"api-breaker":true,"limit-count":true,"basic-auth":true,"key-auth":true,"ext-plugin-pre-req":true,"limit-req":true,"ai":true,"referer-restriction":true,"workflow":true,"request-validation":true,"elasticsearch-logger":true,"response-rewrite":true,"csrf":true,"traffic-split":true,"client-control":true,"cas-auth":true,"jwe-decrypt":true,"real-ip":true,"proxy-mirror":true,"ip-restriction":true}, context: init_worker_by_lua*
2024/04/25 11:19:45 [warn] 50#50: *1 [lua] plugin.lua:205: load(): new plugins: {"splunk-hec-logging":true,"authz-keycloak":true,"google-cloud-logging":true,"rocketmq-logger":true,"forward-auth":true,"loggly":true,"aws-lambda":true,"kafka-proxy":true,"wolf-rbac":true,"echo":true,"mocking":true,"udp-logger":true,"authz-casbin":true,"request-id":true,"loki-logger":true,"degraphql":true,"prometheus":true,"serverless-pre-function":true,"server-info":true,"opa":true,"jwt-auth":true,"multi-auth":true,"datadog":true,"ua-restriction":true,"skywalking-logger":true,"kafka-logger":true,"3rd-party":true,"ext-plugin-post-resp":true,"ext-plugin-post-req":true,"cors":true,"serverless-post-function":true,"body-transformer":true,"ldap-auth":true,"grpc-transcode":true,"sls-logger":true,"proxy-rewrite":true,"openwhisk":true,"azure-functions":true,"proxy-control":true,"chaitin-waf":true,"authz-casdoor":true,"grpc-web":true,"example-plugin":true,"inspect":true,"consumer-restriction":true,"tencent-cloud-cls":true,"file-logger":true,"uri-blocker":true,"http-logger":true,"clickhouse-logger":true,"redirect":true,"syslog":true,"tcp-logger":true,"proxy-cache":true,"openid-connect":true,"public-api":true,"http-dubbo":true,"hmac-auth":true,"openfunction":true,"zipkin":true,"fault-injection":true,"gzip":true,"limit-conn":true,"api-breaker":true,"limit-count":true,"basic-auth":true,"key-auth":true,"ext-plugin-pre-req":true,"limit-req":true,"ai":true,"referer-restriction":true,"workflow":true,"request-validation":true,"elasticsearch-logger":true,"response-rewrite":true,"csrf":true,"traffic-split":true,"client-control":true,"cas-auth":true,"jwe-decrypt":true,"real-ip":true,"proxy-mirror":true,"ip-restriction":true}, context: init_worker_by_lua*
2024/04/25 11:19:45 [warn] 52#52: *4 [lua] plugin.lua:255: load_stream(): new plugins: {"syslog":true,"mqtt-proxy":true,"limit-conn":true,"ip-restriction":true}, context: init_worker_by_lua*
2024/04/25 11:19:45 [warn] 58#58: *5 [lua] plugin.lua:205: load(): new plugins: {"splunk-hec-logging":true,"authz-keycloak":true,"google-cloud-logging":true,"rocketmq-logger":true,"forward-auth":true,"loggly":true,"aws-lambda":true,"kafka-proxy":true,"wolf-rbac":true,"echo":true,"mocking":true,"udp-logger":true,"authz-casbin":true,"request-id":true,"loki-logger":true,"degraphql":true,"prometheus":true,"serverless-pre-function":true,"server-info":true,"opa":true,"jwt-auth":true,"multi-auth":true,"datadog":true,"ua-restriction":true,"skywalking-logger":true,"kafka-logger":true,"3rd-party":true,"ext-plugin-post-resp":true,"ext-plugin-post-req":true,"cors":true,"serverless-post-function":true,"body-transformer":true,"ldap-auth":true,"grpc-transcode":true,"sls-logger":true,"proxy-rewrite":true,"openwhisk":true,"azure-functions":true,"proxy-control":true,"chaitin-waf":true,"authz-casdoor":true,"grpc-web":true,"example-plugin":true,"inspect":true,"consumer-restriction":true,"tencent-cloud-cls":true,"file-logger":true,"uri-blocker":true,"http-logger":true,"clickhouse-logger":true,"redirect":true,"syslog":true,"tcp-logger":true,"proxy-cache":true,"openid-connect":true,"public-api":true,"http-dubbo":true,"hmac-auth":true,"openfunction":true,"zipkin":true,"fault-injection":true,"gzip":true,"limit-conn":true,"api-breaker":true,"limit-count":true,"basic-auth":true,"key-auth":true,"ext-plugin-pre-req":true,"limit-req":true,"ai":true,"referer-restriction":true,"workflow":true,"request-validation":true,"elasticsearch-logger":true,"response-rewrite":true,"csrf":true,"traffic-split":true,"client-control":true,"cas-auth":true,"jwe-decrypt":true,"real-ip":true,"proxy-mirror":true,"ip-restriction":true}, context: init_worker_by_lua*
2024/04/25 11:19:45 [warn] 52#52: *4 [lua] plugin.lua:205: load(): new plugins: {"splunk-hec-logging":true,"authz-keycloak":true,"google-cloud-logging":true,"rocketmq-logger":true,"forward-auth":true,"loggly":true,"aws-lambda":true,"kafka-proxy":true,"wolf-rbac":true,"echo":true,"mocking":true,"udp-logger":true,"authz-casbin":true,"request-id":true,"loki-logger":true,"degraphql":true,"prometheus":true,"serverless-pre-function":true,"server-info":true,"opa":true,"jwt-auth":true,"multi-auth":true,"datadog":true,"ua-restriction":true,"skywalking-logger":true,"kafka-logger":true,"ext-plugin-post-resp":true,"ext-plugin-post-req":true,"cors":true,"serverless-post-function":true,"body-transformer":true,"ldap-auth":true,"grpc-transcode":true,"sls-logger":true,"proxy-rewrite":true,"openwhisk":true,"azure-functions":true,"proxy-control":true,"chaitin-waf":true,"authz-casdoor":true,"grpc-web":true,"example-plugin":true,"inspect":true,"consumer-restriction":true,"tencent-cloud-cls":true,"file-logger":true,"uri-blocker":true,"http-logger":true,"clickhouse-logger":true,"redirect":true,"syslog":true,"tcp-logger":true,"proxy-cache":true,"openid-connect":true,"public-api":true,"http-dubbo":true,"hmac-auth":true,"openfunction":true,"zipkin":true,"fault-injection":true,"gzip":true,"limit-conn":true,"api-breaker":true,"limit-count":true,"basic-auth":true,"key-auth":true,"ext-plugin-pre-req":true,"limit-req":true,"ai":true,"referer-restriction":true,"workflow":true,"request-validation":true,"elasticsearch-logger":true,"response-rewrite":true,"csrf":true,"traffic-split":true,"client-control":true,"cas-auth":true,"jwe-decrypt":true,"real-ip":true,"proxy-mirror":true,"ip-restriction":true}, context: init_worker_by_lua*
2024/04/25 11:19:45 [warn] 49#49: *2 [lua] plugin.lua:255: load_stream(): new plugins: {"syslog":true,"mqtt-proxy":true,"limit-conn":true,"ip-restriction":true}, context: init_worker_by_lua*
2024/04/25 11:19:45 [warn] 49#49: *2 [lua] plugin.lua:205: load(): new plugins: {"splunk-hec-logging":true,"authz-keycloak":true,"google-cloud-logging":true,"rocketmq-logger":true,"forward-auth":true,"loggly":true,"aws-lambda":true,"kafka-proxy":true,"wolf-rbac":true,"echo":true,"mocking":true,"udp-logger":true,"authz-casbin":true,"request-id":true,"loki-logger":true,"degraphql":true,"prometheus":true,"serverless-pre-function":true,"server-info":true,"opa":true,"jwt-auth":true,"multi-auth":true,"datadog":true,"ua-restriction":true,"skywalking-logger":true,"kafka-logger":true,"ext-plugin-post-resp":true,"ext-plugin-post-req":true,"cors":true,"serverless-post-function":true,"body-transformer":true,"ldap-auth":true,"grpc-transcode":true,"sls-logger":true,"proxy-rewrite":true,"openwhisk":true,"azure-functions":true,"proxy-control":true,"chaitin-waf":true,"authz-casdoor":true,"grpc-web":true,"example-plugin":true,"inspect":true,"consumer-restriction":true,"tencent-cloud-cls":true,"file-logger":true,"uri-blocker":true,"http-logger":true,"clickhouse-logger":true,"redirect":true,"syslog":true,"tcp-logger":true,"proxy-cache":true,"openid-connect":true,"public-api":true,"http-dubbo":true,"hmac-auth":true,"openfunction":true,"zipkin":true,"fault-injection":true,"gzip":true,"limit-conn":true,"api-breaker":true,"limit-count":true,"basic-auth":true,"key-auth":true,"ext-plugin-pre-req":true,"limit-req":true,"ai":true,"referer-restriction":true,"workflow":true,"request-validation":true,"elasticsearch-logger":true,"response-rewrite":true,"csrf":true,"traffic-split":true,"client-control":true,"cas-auth":true,"jwe-decrypt":true,"real-ip":true,"proxy-mirror":true,"ip-restriction":true}, context: init_worker_by_lua*
2024/04/25 11:19:45 [warn] 51#51: *3 [lua] plugin.lua:255: load_stream(): new plugins: {"syslog":true,"mqtt-proxy":true,"limit-conn":true,"ip-restriction":true}, context: init_worker_by_lua*
2024/04/25 11:19:45 [warn] 51#51: *3 [lua] plugin.lua:205: load(): new plugins: {"splunk-hec-logging":true,"authz-keycloak":true,"google-cloud-logging":true,"rocketmq-logger":true,"forward-auth":true,"loggly":true,"aws-lambda":true,"kafka-proxy":true,"wolf-rbac":true,"echo":true,"mocking":true,"udp-logger":true,"authz-casbin":true,"request-id":true,"loki-logger":true,"degraphql":true,"prometheus":true,"serverless-pre-function":true,"server-info":true,"opa":true,"jwt-auth":true,"multi-auth":true,"datadog":true,"ua-restriction":true,"skywalking-logger":true,"kafka-logger":true,"ext-plugin-post-resp":true,"ext-plugin-post-req":true,"cors":true,"serverless-post-function":true,"body-transformer":true,"ldap-auth":true,"grpc-transcode":true,"sls-logger":true,"proxy-rewrite":true,"openwhisk":true,"azure-functions":true,"proxy-control":true,"chaitin-waf":true,"authz-casdoor":true,"grpc-web":true,"example-plugin":true,"inspect":true,"consumer-restriction":true,"tencent-cloud-cls":true,"file-logger":true,"uri-blocker":true,"http-logger":true,"clickhouse-logger":true,"redirect":true,"syslog":true,"tcp-logger":true,"proxy-cache":true,"openid-connect":true,"public-api":true,"http-dubbo":true,"hmac-auth":true,"openfunction":true,"zipkin":true,"fault-injection":true,"gzip":true,"limit-conn":true,"api-breaker":true,"limit-count":true,"basic-auth":true,"key-auth":true,"ext-plugin-pre-req":true,"limit-req":true,"ai":true,"referer-restriction":true,"workflow":true,"request-validation":true,"elasticsearch-logger":true,"response-rewrite":true,"csrf":true,"traffic-split":true,"client-control":true,"cas-auth":true,"jwe-decrypt":true,"real-ip":true,"proxy-mirror":true,"ip-restriction":true}, context: init_worker_by_lua*
2024/04/25 11:19:45 [warn] 52#52: *4 [lua] plugin.lua:255: load_stream(): new plugins: {"syslog":true,"mqtt-proxy":true,"limit-conn":true,"ip-restriction":true}, context: init_worker_by_lua*
2024/04/25 11:19:45 [warn] 49#49: *2 [lua] plugin.lua:255: load_stream(): new plugins: {"syslog":true,"mqtt-proxy":true,"limit-conn":true,"ip-restriction":true}, context: init_worker_by_lua*
2024/04/25 11:19:45 [warn] 51#51: *3 [lua] plugin.lua:255: load_stream(): new plugins: {"syslog":true,"mqtt-proxy":true,"limit-conn":true,"ip-restriction":true}, context: init_worker_by_lua*
2024/04/25 11:19:45 [warn] 50#50: *1 [lua] plugin.lua:255: load_stream(): new plugins: {"syslog":true,"mqtt-proxy":true,"limit-conn":true,"ip-restriction":true}, context: init_worker_by_lua*
2024/04/25 11:19:45 [warn] 50#50: *1 [lua] plugin.lua:205: load(): new plugins: {"splunk-hec-logging":true,"authz-keycloak":true,"google-cloud-logging":true,"rocketmq-logger":true,"forward-auth":true,"loggly":true,"aws-lambda":true,"kafka-proxy":true,"wolf-rbac":true,"echo":true,"mocking":true,"udp-logger":true,"authz-casbin":true,"request-id":true,"loki-logger":true,"degraphql":true,"prometheus":true,"serverless-pre-function":true,"server-info":true,"opa":true,"jwt-auth":true,"multi-auth":true,"datadog":true,"ua-restriction":true,"skywalking-logger":true,"kafka-logger":true,"ext-plugin-post-resp":true,"ext-plugin-post-req":true,"cors":true,"serverless-post-function":true,"body-transformer":true,"ldap-auth":true,"grpc-transcode":true,"sls-logger":true,"proxy-rewrite":true,"openwhisk":true,"azure-functions":true,"proxy-control":true,"chaitin-waf":true,"authz-casdoor":true,"grpc-web":true,"example-plugin":true,"inspect":true,"consumer-restriction":true,"tencent-cloud-cls":true,"file-logger":true,"uri-blocker":true,"http-logger":true,"clickhouse-logger":true,"redirect":true,"syslog":true,"tcp-logger":true,"proxy-cache":true,"openid-connect":true,"public-api":true,"http-dubbo":true,"hmac-auth":true,"openfunction":true,"zipkin":true,"fault-injection":true,"gzip":true,"limit-conn":true,"api-breaker":true,"limit-count":true,"basic-auth":true,"key-auth":true,"ext-plugin-pre-req":true,"limit-req":true,"ai":true,"referer-restriction":true,"workflow":true,"request-validation":true,"elasticsearch-logger":true,"response-rewrite":true,"csrf":true,"traffic-split":true,"client-control":true,"cas-auth":true,"jwe-decrypt":true,"real-ip":true,"proxy-mirror":true,"ip-restriction":true}, context: init_worker_by_lua*
2024/04/25 11:19:45 [warn] 58#58: *5 [lua] plugin.lua:255: load_stream(): new plugins: {"syslog":true,"mqtt-proxy":true,"limit-conn":true,"ip-restriction":true}, context: init_worker_by_lua*
2024/04/25 11:19:45 [warn] 58#58: *5 [lua] plugin.lua:205: load(): new plugins: {"splunk-hec-logging":true,"authz-keycloak":true,"google-cloud-logging":true,"rocketmq-logger":true,"forward-auth":true,"loggly":true,"aws-lambda":true,"kafka-proxy":true,"wolf-rbac":true,"echo":true,"mocking":true,"udp-logger":true,"authz-casbin":true,"request-id":true,"loki-logger":true,"degraphql":true,"prometheus":true,"serverless-pre-function":true,"server-info":true,"opa":true,"jwt-auth":true,"multi-auth":true,"datadog":true,"ua-restriction":true,"skywalking-logger":true,"kafka-logger":true,"ext-plugin-post-resp":true,"ext-plugin-post-req":true,"cors":true,"serverless-post-function":true,"body-transformer":true,"ldap-auth":true,"grpc-transcode":true,"sls-logger":true,"proxy-rewrite":true,"openwhisk":true,"azure-functions":true,"proxy-control":true,"chaitin-waf":true,"authz-casdoor":true,"grpc-web":true,"example-plugin":true,"inspect":true,"consumer-restriction":true,"tencent-cloud-cls":true,"file-logger":true,"uri-blocker":true,"http-logger":true,"clickhouse-logger":true,"redirect":true,"syslog":true,"tcp-logger":true,"proxy-cache":true,"openid-connect":true,"public-api":true,"http-dubbo":true,"hmac-auth":true,"openfunction":true,"zipkin":true,"fault-injection":true,"gzip":true,"limit-conn":true,"api-breaker":true,"limit-count":true,"basic-auth":true,"key-auth":true,"ext-plugin-pre-req":true,"limit-req":true,"ai":true,"referer-restriction":true,"workflow":true,"request-validation":true,"elasticsearch-logger":true,"response-rewrite":true,"csrf":true,"traffic-split":true,"client-control":true,"cas-auth":true,"jwe-decrypt":true,"real-ip":true,"proxy-mirror":true,"ip-restriction":true}, context: init_worker_by_lua*
2024/04/25 11:19:45 [warn] 50#50: *1 [lua] plugin.lua:255: load_stream(): new plugins: {"syslog":true,"mqtt-proxy":true,"limit-conn":true,"ip-restriction":true}, context: init_worker_by_lua*
2024/04/25 11:19:45 [warn] 58#58: *5 [lua] plugin.lua:255: load_stream(): new plugins: {"syslog":true,"mqtt-proxy":true,"limit-conn":true,"ip-restriction":true}, context: init_worker_by_lua*
